:: WARNING: setvars.sh has already been run. Skipping re-execution.
   To force a re-execution of setvars.sh, use the '--force' option.
   Using '--force' can result in excessive use of your environment variables.
i=0
0.00326582 0.00066712 0.00361084 0.00237640 0.00205134 0.00038185 0.00006604 0.00448999 0.00367032 0.00289853 

i=1
0.04447900 -0.07350782 0.06437156 0.01883668 -0.00498274 -0.07509116 -0.10533292 0.09965633 0.07093671 0.02477645 

i=2
0.03708601 -0.09237800 0.34042809 0.12207870 0.04125283 -0.29840076 -0.38442079 0.32034373 0.11096798 -0.03811303 

i=3
-0.05279761 -0.11660039 0.42411116 0.22442494 0.18132642 -0.43525624 -0.60077892 0.48542633 0.12024951 -0.00623993 

i=4
-0.09297002 -0.12333258 0.46742387 0.25391897 0.29042364 -0.43507604 -0.76365666 0.53710752 0.18274652 -0.04529686 

i=5
-0.16749186 -0.13287780 0.46962325 0.29176179 0.32551522 -0.40822649 -0.84430017 0.64588639 0.24847123 -0.12128192 

i=6
-0.24542985 -0.17424248 0.51894074 0.29322414 0.33810883 -0.35731835 -0.88214001 0.70145520 0.27001121 -0.13558343 

i=7
-0.40998829 -0.23266148 0.61027167 0.37740630 0.29593416 -0.23208078 -0.99818942 0.77099453 0.32593676 -0.12921559 

i=8
-0.46829578 -0.30281632 0.65293647 0.45835260 0.30408672 -0.19798645 -1.01071816 0.76911350 0.35488639 -0.15455659 

i=9
-0.45694585 -0.31410560 0.65192277 0.46927946 0.30514281 -0.18246820 -1.01884023 0.77729900 0.33496785 -0.16088957 

i=10
-0.45571888 -0.31480164 0.65206971 0.47044307 0.30548025 -0.18087857 -1.01925293 0.77824178 0.33345209 -0.16118616 

Stopped after 11 iterations
result x:
-0.45571888 -0.31480164 0.65206971 0.47044307 0.30548025 -0.18087857 -1.01925293 0.77824178 0.33345209 -0.16118616 

