:: WARNING: setvars.sh has already been run. Skipping re-execution.
   To force a re-execution of setvars.sh, use the '--force' option.
   Using '--force' can result in excessive use of your environment variables.
[1] Local_A shape= (500, 1000)
Using 2 procs
[0] Local_A shape= (500, 1000)
[1] Using 1 threads
[0] Using 1 threads
Iter:	0	Error:	0.000000
Iter:	50	Error:	518887527469449839529022948638720.000000
Iter:	100	Error:	3003161795152518945896070736389341184.000000
Iter:	150	Error:	18054460613217342234461106613342175232.000000
Iter:	200	Error:	10278456942733088178639433972571963392.000000
Iter:	250	Error:	4039092228290812254340113846390226944.000000
Iter:	300	Error:	nan
Iter:	350	Error:	nan
Iter:	400	Error:	nan
Iter:	450	Error:	nan
Iter:	500	Error:	nan
Iter:	550	Error:	nan
Iter:	600	Error:	nan
Iter:	650	Error:	nan
Iter:	700	Error:	nan
Iter:	750	Error:	nan
Iter:	800	Error:	nan
Iter:	850	Error:	nan
Iter:	900	Error:	nan
Iter:	950	Error:	nan
Iter:	1000	Error:	nan
Iter:	1050	Error:	nan
Iter:	1100	Error:	nan
Iter:	1150	Error:	nan
Iter:	1200	Error:	nan
Iter:	1250	Error:	nan
Iter:	1300	Error:	nan
Iter:	1350	Error:	nan
Iter:	1400	Error:	nan
Iter:	1450	Error:	nan
Iter:	1500	Error:	nan
Iter:	1550	Error:	nan
Iter:	1600	Error:	nan
Iter:	1650	Error:	nan
Iter:	1700	Error:	nan
Iter:	1750	Error:	nan
Iter:	1800	Error:	nan
Iter:	1850	Error:	nan
Iter:	1900	Error:	nan
Iter:	1950	Error:	nan
Iter:	2000	Error:	nan
Iter:	2050	Error:	nan
Iter:	2100	Error:	nan
Iter:	2150	Error:	nan
Iter:	2200	Error:	nan
Iter:	2250	Error:	nan
Iter:	2300	Error:	nan
Iter:	2350	Error:	nan
Iter:	2400	Error:	nan
Iter:	2450	Error:	nan
Iter:	2500	Error:	nan
Iter:	2550	Error:	nan
Iter:	2600	Error:	nan
Iter:	2650	Error:	nan
Iter:	2700	Error:	nan
Iter:	2750	Error:	nan
Iter:	2800	Error:	nan
Iter:	2850	Error:	nan
Iter:	2900	Error:	nan
Iter:	2950	Error:	nan
Iter:	3000	Error:	nan
Iter:	3050	Error:	nan
Iter:	3100	Error:	nan
Iter:	3150	Error:	nan
Iter:	3200	Error:	nan
Iter:	3250	Error:	nan
Iter:	3300	Error:	nan
Iter:	3350	Error:	nan
Iter:	3400	Error:	nan
Iter:	3450	Error:	nan
Iter:	3500	Error:	nan
Iter:	3550	Error:	nan
Iter:	3600	Error:	nan
Iter:	3650	Error:	nan
Iter:	3700	Error:	nan
Iter:	3750	Error:	nan
Iter:	3800	Error:	nan
Iter:	3850	Error:	nan
Iter:	3900	Error:	nan
Iter:	3950	Error:	nan
Iter:	4000	Error:	nan
Iter:	4050	Error:	nan
Iter:	4100	Error:	nan
Iter:	4150	Error:	nan
Iter:	4200	Error:	nan
Iter:	4250	Error:	nan
Iter:	4300	Error:	nan
Iter:	4350	Error:	nan
Iter:	4400	Error:	nan
Iter:	4450	Error:	nan
Iter:	4500	Error:	nan
Iter:	4550	Error:	nan
Iter:	4600	Error:	nan
Iter:	4650	Error:	nan
Iter:	4700	Error:	nan
Iter:	4750	Error:	nan
Iter:	4800	Error:	nan
Iter:	4850	Error:	nan
Iter:	4900	Error:	nan
Iter:	4950	Error:	nan
Iter:	5000	Error:	nan
Iter:	5050	Error:	nan
Iter:	5100	Error:	nan
Iter:	5150	Error:	nan
Iter:	5200	Error:	nan
Iter:	5250	Error:	nan
Iter:	5300	Error:	nan
Iter:	5350	Error:	nan
Iter:	5400	Error:	nan
Iter:	5450	Error:	nan
Iter:	5500	Error:	nan
Iter:	5550	Error:	nan
Iter:	5600	Error:	nan
Iter:	5650	Error:	nan
Iter:	5700	Error:	nan
Iter:	5750	Error:	nan
Iter:	5800	Error:	nan
Iter:	5850	Error:	nan
Iter:	5900	Error:	nan
Iter:	5950	Error:	nan
Iter:	6000	Error:	nan
Iter:	6050	Error:	nan
Iter:	6100	Error:	nan
Iter:	6150	Error:	nan
Iter:	6200	Error:	nan
Iter:	6250	Error:	nan
Iter:	6300	Error:	nan
Iter:	6350	Error:	nan
Iter:	6400	Error:	nan
Iter:	6450	Error:	nan
Iter:	6500	Error:	nan
Iter:	6550	Error:	nan
Iter:	6600	Error:	nan
Iter:	6650	Error:	nan
Iter:	6700	Error:	nan
Iter:	6750	Error:	nan
Iter:	6800	Error:	nan
Iter:	6850	Error:	nan
Iter:	6900	Error:	nan
Iter:	6950	Error:	nan
Iter:	7000	Error:	nan
Iter:	7050	Error:	nan
Iter:	7100	Error:	nan
Iter:	7150	Error:	nan
Iter:	7200	Error:	nan
Iter:	7250	Error:	nan
Iter:	7300	Error:	nan
Iter:	7350	Error:	nan
Iter:	7400	Error:	nan
Iter:	7450	Error:	nan
Iter:	7500	Error:	nan
Iter:	7550	Error:	nan
Iter:	7600	Error:	nan
Iter:	7650	Error:	nan
Iter:	7700	Error:	nan
Iter:	7750	Error:	nan
Iter:	7800	Error:	nan
Iter:	7850	Error:	nan
Iter:	7900	Error:	nan
Iter:	7950	Error:	nan
Iter:	8000	Error:	nan
Iter:	8050	Error:	nan
Iter:	8100	Error:	nan
Iter:	8150	Error:	nan
Iter:	8200	Error:	nan
Iter:	8250	Error:	nan
Iter:	8300	Error:	nan
Iter:	8350	Error:	nan
Iter:	8400	Error:	nan
Iter:	8450	Error:	nan
Iter:	8500	Error:	nan
Iter:	8550	Error:	nan
Iter:	8600	Error:	nan
Iter:	8650	Error:	nan
Iter:	8700	Error:	nan
Iter:	8750	Error:	nan
Iter:	8800	Error:	nan
Iter:	8850	Error:	nan
Iter:	8900	Error:	nan
Iter:	8950	Error:	nan
Iter:	9000	Error:	nan
Iter:	9050	Error:	nan
Iter:	9100	Error:	nan
Iter:	9150	Error:	nan
Iter:	9200	Error:	nan
Iter:	9250	Error:	nan
Iter:	9300	Error:	nan
Iter:	9350	Error:	nan
Iter:	9400	Error:	nan
Iter:	9450	Error:	nan
Iter:	9500	Error:	nan
Iter:	9550	Error:	nan
Iter:	9600	Error:	nan
Iter:	9650	Error:	nan
Iter:	9700	Error:	nan
Iter:	9750	Error:	nan
Iter:	9800	Error:	nan
Iter:	9850	Error:	nan
Iter:	9900	Error:	nan
Iter:	9950	Error:	nan
Done in 3870.13091 milliseconds 
diff norm= nan
NOT OK
diff more than tol=1e-05
cn-031
cn-032
